<?xml version="1.0" encoding="utf-8"?>
<!-- 前端测试报告模板（JUnit 格式，来源如 vitest/jest --reporter=junit）。
     本段必须包含：版本=1.3.1028; commit=e7ffa907b97f0e917277e75f54372a924d3a7963; 运行环境=<OS/Node>;
     执行命令=<如 npm test -- --reporter=junit>; 开始时间=<UTC>; 结束时间=<UTC>;
     输入配置摘要=<前端工程 scada-app 版本/配置>; 结果=<pass/fail/skipped>;
     失败项=<无/列表>; 人工见证人=<姓名/日期>。前端不存在时本项记 skipped 并注明原因。 -->
<testsuites>
  <testsuite name="frontend" tests="0" failures="0" errors="0" skipped="0" time="0" timestamp="<UTC ISO8601>">
  </testsuite>
</testsuites>
